-------------------------------------------
Batch: 0
-------------------------------------------
+-------------------------+---------+
|email                    |birthYear|
+-------------------------+---------+
|Larry.Smith@test.com     |1965     |
|Craig.Jefferson@test.com |1964     |
|Trevor.Jackson@test.com  |1963     |
|Sean.Anandh@test.com     |1962     |
|Spencer.Howard@test.com  |1961     |
|Jerry.Mitra@test.com     |1960     |
|Santosh.Clayton@test.com |1959     |
|Travis.Aristotle@test.com|1958     |
|Angie.Wu@test.com        |1957     |
|Chris.Howard@test.com    |1956     |
|Ashley.Abram@test.com    |1955     |
|Spencer.Olson@test.com   |1954     |
|Trevor.Khatib@test.com   |1953     |
|Gail.Davis@test.com      |1952     |
|Jerry.Khatib@test.com    |1951     |
|Neeraj.Habschied@test.com|1950     |
|Santosh.Howard@test.com  |1949     |
|Frank.Abram@test.com     |1948     |
|Edward.Clark@test.com    |1947     |
|Chris.Olson@test.com     |1946     |
+-------------------------+---------+
only showing top 20 rows

-------------------------------------------
Batch: 1
-------------------------------------------
+----------------------+---------+
|email                 |birthYear|
+----------------------+---------+
|Spencer.Olson@test.com|1954     |
|Trevor.Khatib@test.com|1953     |
|Gail.Davis@test.com   |1952     |
+----------------------+---------+

-------------------------------------------
Batch: 2
-------------------------------------------
+---------------------+---------+
|email                |birthYear|
+---------------------+---------+
|Jerry.Khatib@test.com|1951     |
+---------------------+---------+

-------------------------------------------
Batch: 3
-------------------------------------------
+-------------------------+---------+
|email                    |birthYear|
+-------------------------+---------+
|Neeraj.Habschied@test.com|1950     |
+-------------------------+---------+

-------------------------------------------
Batch: 4
-------------------------------------------
+-----+---------+
|email|birthYear|
+-----+---------+
+-----+---------+

-------------------------------------------
Batch: 5
-------------------------------------------
+-----------------------+---------+
|email                  |birthYear|
+-----------------------+---------+
|Santosh.Howard@test.com|1949     |
+-----------------------+---------+

-------------------------------------------
Batch: 6
-------------------------------------------
+--------------------+---------+
|email               |birthYear|
+--------------------+---------+
|Frank.Abram@test.com|1948     |
+--------------------+---------+

-------------------------------------------
Batch: 7
-------------------------------------------
+---------------------+---------+
|email                |birthYear|
+---------------------+---------+
|Edward.Clark@test.com|1947     |
+---------------------+---------+

