Spark Command: /usr/lib/jvm/java-8-openjdk-amd64/jre/bin/java -cp /opt/spark-2.3.4-bin-hadoop2.7/conf/:/opt/spark-2.3.4-bin-hadoop2.7/jars/* -Xmx1g org.apache.spark.deploy.worker.Worker --webui-port 8081 spark://f17e3845f63b:7077
========================================
2020-10-16 00:44:31 INFO  Worker:2612 - Started daemon with process name: 107@f17e3845f63b
2020-10-16 00:44:31 INFO  SignalUtils:54 - Registered signal handler for TERM
2020-10-16 00:44:31 INFO  SignalUtils:54 - Registered signal handler for HUP
2020-10-16 00:44:31 INFO  SignalUtils:54 - Registered signal handler for INT
2020-10-16 00:44:31 WARN  NativeCodeLoader:62 - Unable to load native-hadoop library for your platform... using builtin-java classes where applicable
2020-10-16 00:44:32 INFO  SecurityManager:54 - Changing view acls to: root
2020-10-16 00:44:32 INFO  SecurityManager:54 - Changing modify acls to: root
2020-10-16 00:44:32 INFO  SecurityManager:54 - Changing view acls groups to: 
2020-10-16 00:44:32 INFO  SecurityManager:54 - Changing modify acls groups to: 
2020-10-16 00:44:32 INFO  SecurityManager:54 - SecurityManager: authentication disabled; ui acls disabled; users  with view permissions: Set(root); groups with view permissions: Set(); users  with modify permissions: Set(root); groups with modify permissions: Set()
2020-10-16 00:44:32 INFO  Utils:54 - Successfully started service 'sparkWorker' on port 38813.
2020-10-16 00:44:32 INFO  Worker:54 - Starting Spark worker 172.18.0.2:38813 with 2 cores, 6.3 GB RAM
2020-10-16 00:44:32 INFO  Worker:54 - Running Spark version 2.3.4
2020-10-16 00:44:32 INFO  Worker:54 - Spark home: /opt/spark-2.3.4-bin-hadoop2.7
2020-10-16 00:44:32 INFO  log:192 - Logging initialized @2275ms
2020-10-16 00:44:32 INFO  Server:351 - jetty-9.3.z-SNAPSHOT, build timestamp: unknown, git hash: unknown
2020-10-16 00:44:32 INFO  Server:419 - Started @2354ms
2020-10-16 00:44:32 INFO  AbstractConnector:278 - Started ServerConnector@396ba731{HTTP/1.1,[http/1.1]}{0.0.0.0:8081}
2020-10-16 00:44:32 INFO  Utils:54 - Successfully started service 'WorkerUI' on port 8081.
2020-10-16 00:44:33 INFO  ContextHandler:781 - Started o.s.j.s.ServletContextHandler@4ba019d7{/logPage,null,AVAILABLE,@Spark}
2020-10-16 00:44:33 INFO  ContextHandler:781 - Started o.s.j.s.ServletContextHandler@102baf62{/logPage/json,null,AVAILABLE,@Spark}
2020-10-16 00:44:33 INFO  ContextHandler:781 - Started o.s.j.s.ServletContextHandler@32e84814{/,null,AVAILABLE,@Spark}
2020-10-16 00:44:33 INFO  ContextHandler:781 - Started o.s.j.s.ServletContextHandler@7c93ed74{/json,null,AVAILABLE,@Spark}
2020-10-16 00:44:33 INFO  ContextHandler:781 - Started o.s.j.s.ServletContextHandler@310e0d3b{/static,null,AVAILABLE,@Spark}
2020-10-16 00:44:33 INFO  ContextHandler:781 - Started o.s.j.s.ServletContextHandler@6b926d39{/log,null,AVAILABLE,@Spark}
2020-10-16 00:44:33 INFO  WorkerWebUI:54 - Bound WorkerWebUI to 0.0.0.0, and started at http://f17e3845f63b:8081
2020-10-16 00:44:33 INFO  Worker:54 - Connecting to master f17e3845f63b:7077...
2020-10-16 00:44:33 INFO  ContextHandler:781 - Started o.s.j.s.ServletContextHandler@3129dcec{/metrics/json,null,AVAILABLE,@Spark}
2020-10-16 00:44:33 INFO  TransportClientFactory:267 - Successfully created connection to f17e3845f63b/172.18.0.2:7077 after 73 ms (0 ms spent in bootstraps)
2020-10-16 00:44:33 INFO  Worker:54 - Successfully registered with master spark://f17e3845f63b:7077
