Spark Command: /usr/lib/jvm/java-8-openjdk-amd64/jre/bin/java -cp /opt/spark-2.3.4-bin-hadoop2.7/conf/:/opt/spark-2.3.4-bin-hadoop2.7/jars/* -Xmx1g org.apache.spark.deploy.master.Master --host f17e3845f63b --port 7077 --webui-port 8080
========================================
2020-10-16 00:43:32 INFO  Master:2612 - Started daemon with process name: 40@f17e3845f63b
2020-10-16 00:43:32 INFO  SignalUtils:54 - Registered signal handler for TERM
2020-10-16 00:43:32 INFO  SignalUtils:54 - Registered signal handler for HUP
2020-10-16 00:43:32 INFO  SignalUtils:54 - Registered signal handler for INT
2020-10-16 00:43:33 WARN  NativeCodeLoader:62 - Unable to load native-hadoop library for your platform... using builtin-java classes where applicable
2020-10-16 00:43:33 INFO  SecurityManager:54 - Changing view acls to: root
2020-10-16 00:43:33 INFO  SecurityManager:54 - Changing modify acls to: root
2020-10-16 00:43:33 INFO  SecurityManager:54 - Changing view acls groups to: 
2020-10-16 00:43:33 INFO  SecurityManager:54 - Changing modify acls groups to: 
2020-10-16 00:43:33 INFO  SecurityManager:54 - SecurityManager: authentication disabled; ui acls disabled; users  with view permissions: Set(root); groups with view permissions: Set(); users  with modify permissions: Set(root); groups with modify permissions: Set()
2020-10-16 00:43:33 INFO  Utils:54 - Successfully started service 'sparkMaster' on port 7077.
2020-10-16 00:43:34 INFO  Master:54 - Starting Spark master at spark://f17e3845f63b:7077
2020-10-16 00:43:34 INFO  Master:54 - Running Spark version 2.3.4
2020-10-16 00:43:34 INFO  log:192 - Logging initialized @3472ms
2020-10-16 00:43:34 INFO  Server:351 - jetty-9.3.z-SNAPSHOT, build timestamp: unknown, git hash: unknown
2020-10-16 00:43:34 INFO  Server:419 - Started @3606ms
2020-10-16 00:43:34 INFO  AbstractConnector:278 - Started ServerConnector@65aff44d{HTTP/1.1,[http/1.1]}{0.0.0.0:8080}
2020-10-16 00:43:34 INFO  Utils:54 - Successfully started service 'MasterUI' on port 8080.
2020-10-16 00:43:34 INFO  ContextHandler:781 - Started o.s.j.s.ServletContextHandler@599e29e{/app,null,AVAILABLE,@Spark}
2020-10-16 00:43:34 INFO  ContextHandler:781 - Started o.s.j.s.ServletContextHandler@409e292e{/app/json,null,AVAILABLE,@Spark}
2020-10-16 00:43:34 INFO  ContextHandler:781 - Started o.s.j.s.ServletContextHandler@47105619{/,null,AVAILABLE,@Spark}
2020-10-16 00:43:34 INFO  ContextHandler:781 - Started o.s.j.s.ServletContextHandler@7e88d01b{/json,null,AVAILABLE,@Spark}
2020-10-16 00:43:34 INFO  ContextHandler:781 - Started o.s.j.s.ServletContextHandler@4fee41bd{/static,null,AVAILABLE,@Spark}
2020-10-16 00:43:34 INFO  ContextHandler:781 - Started o.s.j.s.ServletContextHandler@4fefe934{/app/kill,null,AVAILABLE,@Spark}
2020-10-16 00:43:34 INFO  ContextHandler:781 - Started o.s.j.s.ServletContextHandler@75c2c304{/driver/kill,null,AVAILABLE,@Spark}
2020-10-16 00:43:34 INFO  MasterWebUI:54 - Bound MasterWebUI to 0.0.0.0, and started at http://f17e3845f63b:8080
2020-10-16 00:43:34 INFO  Server:351 - jetty-9.3.z-SNAPSHOT, build timestamp: unknown, git hash: unknown
2020-10-16 00:43:34 INFO  ContextHandler:781 - Started o.s.j.s.ServletContextHandler@7798e746{/,null,AVAILABLE}
2020-10-16 00:43:34 INFO  AbstractConnector:278 - Started ServerConnector@5fce836f{HTTP/1.1,[http/1.1]}{f17e3845f63b:6066}
2020-10-16 00:43:34 INFO  Server:419 - Started @3855ms
2020-10-16 00:43:34 INFO  Utils:54 - Successfully started service on port 6066.
2020-10-16 00:43:34 INFO  StandaloneRestServer:54 - Started REST server for submitting applications on port 6066
2020-10-16 00:43:34 INFO  ContextHandler:781 - Started o.s.j.s.ServletContextHandler@c865138{/metrics/master/json,null,AVAILABLE,@Spark}
2020-10-16 00:43:34 INFO  ContextHandler:781 - Started o.s.j.s.ServletContextHandler@2a9025e5{/metrics/applications/json,null,AVAILABLE,@Spark}
2020-10-16 00:43:34 INFO  Master:54 - I have been elected leader! New state: ALIVE
2020-10-16 00:44:33 INFO  Master:54 - Registering worker 172.18.0.2:38813 with 2 cores, 6.3 GB RAM
